{"level":"info","message":"write user crsong@bupt.edu.cn succefully"}
{"level":"info","message":"write user crsong@bupt.edu.cn succefully"}
<<<<<<< HEAD
<<<<<<< HEAD
=======
{"level":"info","message":"write user crsong@bupt.edu.cn succefully"}
{"level":"info","message":"write user crsong@bupt.edu.cn succefully"}
{"level":"info","message":"write user crsong@bupt.edu.cn succefully"}
{"level":"info","message":"write user crsong@bupt.edu.cn succefully"}
{"level":"info","message":"write user crsong@bupt.edu.cn succefully"}
{"level":"info","message":"write user crsong@bupt.edu.cn succefully"}
{"level":"info","message":"write user crsong@bupt.edu.cn succefully"}
{"level":"info","message":"write user crsong@bupt.edu.cn succefully"}
{"level":"info","message":"write user crsong@bupt.edu.cn succefully"}
{"level":"info","message":"write user crsong@bupt.edu.cn succefully"}
{"level":"info","message":"write user crsong@bupt.edu.cn succefully"}
{"level":"info","message":"write user crsong@bupt.edu.cn succefully"}
{"level":"info","message":"write user crsong@bupt.edu.cn succefully"}
{"level":"info","message":"write user crsong@bupt.edu.cn succefully"}
{"level":"info","message":"write user crsong@bupt.edu.cn succefully"}
{"level":"info","message":"write user crsong@bupt.edu.cn succefully"}
{"level":"info","message":"write user crsong@bupt.edu.cn succefully"}
{"level":"info","message":"write user crsong@bupt.edu.cn succefully"}
{"level":"info","message":"write user crsong@bupt.edu.cn succefully"}
{"level":"info","message":"write user crsong@bupt.edu.cn succefully"}
{"level":"info","message":"write user crsong@bupt.edu.cn succefully"}
{"level":"info","message":"write user crsong@bupt.edu.cn succefully"}
{"level":"info","message":"write user crsong@bupt.edu.cn succefully"}
{"level":"info","message":"write user crsong@bupt.edu.cn succefully"}
{"level":"info","message":"write user crsong@bupt.edu.cn succefully"}
{"level":"info","message":"write user crsong@bupt.edu.cn succefully"}
{"level":"info","message":"write user crsong@bupt.edu.cn succefully"}
{"level":"info","message":"write user crsong@bupt.edu.cn succefully"}
{"level":"info","message":"write user crsong@bupt.edu.cn succefully"}
{"level":"info","message":"write user crsong@bupt.edu.cn succefully"}
{"level":"info","message":"write user crsong@bupt.edu.cn succefully"}
{"level":"info","message":"write user crsong@bupt.edu.cn succefully"}
{"level":"info","message":"write user crsong@bupt.edu.cn succefully"}
{"level":"info","message":"write user crsong@bupt.edu.cn succefully"}
{"level":"info","message":"write user crsong@bupt.edu.cn succefully"}
{"level":"info","message":"write user crsong@bupt.edu.cn succefully"}
{"level":"info","message":"write user crsong@bupt.edu.cn succefully"}
{"level":"info","message":"write user crsong@bupt.edu.cn succefully"}
{"level":"info","message":"write user crsong@bupt.edu.cn succefully"}
{"level":"info","message":"write user crsong@bupt.edu.cn succefully"}
{"level":"info","message":"write user crsong@bupt.edu.cn succefully"}
{"level":"info","message":"write user crsong@bupt.edu.cn succefully"}
{"level":"info","message":"write user crsong@bupt.edu.cn succefully"}
{"level":"info","message":"write user crsong@bupt.edu.cn succefully"}
{"level":"info","message":"write user crsong@bupt.edu.cn succefully"}
{"level":"info","message":"write user crsong@bupt.edu.cn succefully"}
{"level":"info","message":"write user crsong@bupt.edu.cn succefully"}
{"level":"info","message":"write user crsong@bupt.edu.cn succefully"}
{"level":"info","message":"write user crsong@bupt.edu.cn succefully"}
{"level":"info","message":"write user crsong@bupt.edu.cn succefully"}
{"level":"info","message":"write user crsong@bupt.edu.cn succefully"}
{"level":"info","message":"write user crsong@bupt.edu.cn succefully"}
{"level":"info","message":"write user crsong@bupt.edu.cn succefully"}
{"level":"info","message":"write user crsong@bupt.edu.cn succefully"}
{"level":"info","message":"write user crsong@bupt.edu.cn succefully"}
{"level":"info","message":"write user crsong@bupt.edu.cn succefully"}
{"level":"info","message":"write user crsong@bupt.edu.cn succefully"}
{"level":"info","message":"write user crsong@bupt.edu.cn succefully"}
>>>>>>> 8c1068d8630dea664cdc374ce0161a809d1fe585
=======
>>>>>>> d47db79b09bf39ba631118609d06714e96c71162
{"level":"info","message":"write user crsong@bupt.edu.cn succefully"}
{"level":"info","message":"write user crsong@bupt.edu.cn succefully"}
{"level":"info","message":"write user crsong@bupt.edu.cn succefully"}
{"level":"info","message":"write user crsong@bupt.edu.cn succefully"}
{"level":"info","message":"write user crsong@bupt.edu.cn succefully"}
{"level":"info","message":"write user crsong@bupt.edu.cn succefully"}
{"level":"info","message":"write user crsong@bupt.edu.cn succefully"}
{"level":"info","message":"write user crsong@bupt.edu.cn succefully"}
{"level":"info","message":"write user crsong@bupt.edu.cn succefully"}
{"level":"info","message":"write user crsong@bupt.edu.cn succefully"}
{"level":"info","message":"write user crsong@bupt.edu.cn succefully"}
{"level":"info","message":"write user crsong@bupt.edu.cn succefully"}
{"level":"info","message":"write user crsong@bupt.edu.cn succefully"}
{"level":"info","message":"write user crsong@bupt.edu.cn succefully"}
{"level":"info","message":"write user crsong@bupt.edu.cn succefully"}
{"level":"info","message":"write user crsong@bupt.edu.cn succefully"}
{"level":"info","message":"write user crsong@bupt.edu.cn succefully"}
{"level":"info","message":"write user crsong@bupt.edu.cn succefully"}
{"level":"info","message":"write user crsong@bupt.edu.cn succefully"}
{"level":"info","message":"write user crsong@bupt.edu.cn succefully"}
{"level":"info","message":"write user crsong@bupt.edu.cn succefully"}
{"level":"info","message":"write user crsong@bupt.edu.cn succefully"}
{"level":"info","message":"write user crsong@bupt.edu.cn succefully"}
{"level":"info","message":"write user crsong@bupt.edu.cn succefully"}
{"level":"info","message":"write user crsong@bupt.edu.cn succefully"}
{"level":"info","message":"write user crsong@bupt.edu.cn succefully"}
{"level":"info","message":"write user crsong@bupt.edu.cn succefully"}
{"level":"info","message":"write user crsong@bupt.edu.cn succefully"}
{"level":"info","message":"write user crsong@bupt.edu.cn succefully"}
{"level":"info","message":"write user crsong@bupt.edu.cn succefully"}
{"level":"info","message":"write user crsong@bupt.edu.cn succefully"}
{"level":"info","message":"write user crsong@bupt.edu.cn succefully"}
{"level":"info","message":"write user crsong@bupt.edu.cn succefully"}
{"level":"info","message":"write user crsong@bupt.edu.cn succefully"}
{"level":"info","message":"write user crsong@bupt.edu.cn succefully"}
{"level":"info","message":"write user crsong@bupt.edu.cn succefully"}
{"level":"info","message":"write user crsong@bupt.edu.cn succefully"}
{"level":"info","message":"write user crsong@bupt.edu.cn succefully"}
{"level":"info","message":"write user crsong@bupt.edu.cn succefully"}
{"level":"info","message":"write user crsong@bupt.edu.cn succefully"}
{"level":"info","message":"write user crsong@bupt.edu.cn succefully"}
{"level":"info","message":"write user crsong@bupt.edu.cn succefully"}
{"level":"info","message":"write user crsong@bupt.edu.cn succefully"}
{"level":"info","message":"write user crsong@bupt.edu.cn succefully"}
{"level":"info","message":"write user crsong@bupt.edu.cn succefully"}
{"level":"info","message":"write user crsong@bupt.edu.cn succefully"}
{"level":"info","message":"write user crsong@bupt.edu.cn succefully"}
{"level":"info","message":"write user crsong@bupt.edu.cn succefully"}
{"level":"info","message":"write user crsong@bupt.edu.cn succefully"}
{"level":"info","message":"write user crsong@bupt.edu.cn succefully"}
{"level":"info","message":"write user crsong@bupt.edu.cn succefully"}
{"level":"info","message":"write user crsong@bupt.edu.cn succefully"}
{"level":"info","message":"write user crsong@bupt.edu.cn succefully"}
{"level":"info","message":"write user crsong@bupt.edu.cn succefully"}
{"level":"info","message":"write user crsong@bupt.edu.cn succefully"}
{"level":"info","message":"write user crsong@bupt.edu.cn succefully"}
{"level":"info","message":"write user crsong@bupt.edu.cn succefully"}
{"level":"info","message":"write user crsong@bupt.edu.cn succefully"}
{"level":"info","message":"write user crsong@bupt.edu.cn succefully"}
{"level":"info","message":"write user crsong@bupt.edu.cn succefully"}
{"level":"info","message":"write user crsong@bupt.edu.cn succefully"}
{"level":"info","message":"write user crsong@bupt.edu.cn succefully"}
{"level":"info","message":"write user crsong@bupt.edu.cn succefully"}
{"level":"info","message":"write user crsong@bupt.edu.cn succefully"}
{"level":"info","message":"write user crsong@bupt.edu.cn succefully"}
{"level":"info","message":"write user crsong@bupt.edu.cn succefully"}
{"level":"info","message":"write user crsong@bupt.edu.cn succefully"}
{"level":"info","message":"write user crsong@bupt.edu.cn succefully"}
{"level":"info","message":"write user crsong@bupt.edu.cn succefully"}
{"level":"info","message":"write user crsong@bupt.edu.cn succefully"}
{"level":"info","message":"write user crsong@bupt.edu.cn succefully"}
{"level":"info","message":"write user 260928310@qq.com succefully"}
{"level":"info","message":"write user crsong@bupt.edu.cn succefully"}
{"level":"info","message":"write user crsong@bupt.edu.cn succefully"}
{"level":"info","message":"write user crsong@bupt.edu.cn succefully"}
{"level":"info","message":"write user crsong@bupt.edu.cn succefully"}
{"level":"info","message":"write user crsong@bupt.edu.cn succefully"}
{"level":"info","message":"write user crsong@bupt.edu.cn succefully"}
{"level":"info","message":"write user 260928310@qq.com succefully"}
{"level":"info","message":"write user 260928310@qq.com succefully"}
{"level":"info","message":"write user 260928310@qq.com succefully"}
{"level":"info","message":"write user 260928310@qq.com succefully"}
{"level":"info","message":"write user crsong@bupt.edu.cn succefully"}
{"level":"info","message":"write user 260928310@qq.com succefully"}
{"level":"info","message":"write user crsong@bupt.edu.cn succefully"}
{"level":"info","message":"write user 260928310@qq.com succefully"}
{"level":"info","message":"write user crsong@bupt.edu.cn succefully"}
{"level":"info","message":"write user crsong@bupt.edu.cn succefully"}
{"level":"info","message":"write user crsong@bupt.edu.cn succefully"}
{"level":"info","message":"write user crsong@bupt.edu.cn succefully"}
{"level":"info","message":"write user crsong@bupt.edu.cn succefully"}
{"level":"info","message":"write user crsong@bupt.edu.cn succefully"}
{"level":"info","message":"write user crsong@bupt.edu.cn succefully"}
{"level":"info","message":"write user 260928310@qq.com succefully"}
{"level":"info","message":"write user crsong@bupt.edu.cn succefully"}
{"level":"info","message":"write user 260928310@qq.com succefully"}
{"level":"info","message":"write user crsong@bupt.edu.cn succefully"}
{"level":"info","message":"write user crsong@bupt.edu.cn succefully"}
{"level":"info","message":"write user crsong@bupt.edu.cn succefully"}
{"level":"info","message":"write user crsong@bupt.edu.cn succefully"}
{"level":"info","message":"write user crsong@bupt.edu.cn succefully"}
{"level":"info","message":"write user crsong@bupt.edu.cn succefully"}
{"level":"info","message":"write user crsong@bupt.edu.cn succefully"}
{"level":"info","message":"write user crsong@bupt.edu.cn succefully"}
{"level":"info","message":"write user crsong@bupt.edu.cn succefully"}
{"level":"info","message":"write user crsong@bupt.edu.cn succefully"}
{"level":"info","message":"write user crsong@bupt.edu.cn succefully"}
{"level":"info","message":"write user crsong@bupt.edu.cn succefully"}
{"level":"info","message":"write user 260928310@qq.com succefully"}
{"level":"info","message":"write user 260928310@qq.com succefully"}
{"level":"info","message":"write user 260928310@qq.com succefully"}
{"level":"info","message":"write user crsong@bupt.edu.cn succefully"}
{"level":"info","message":"write user 260928310@qq.com succefully"}
{"level":"info","message":"write user crsong@bupt.edu.cn succefully"}
{"level":"info","message":"write user 260928310@qq.com succefully"}
{"level":"info","message":"write user 260928310@qq.com succefully"}
{"level":"info","message":"write user crsong@bupt.edu.cn succefully"}
{"level":"info","message":"write user crsong@bupt.edu.cn succefully"}
{"level":"info","message":"write user crsong@bupt.edu.cn succefully"}
{"level":"info","message":"write user 260928310@qq.com succefully"}
{"level":"info","message":"write user leijun@qq.com succefully"}
{"level":"info","message":"write user leijun@qq.com succefully"}
{"level":"info","message":"write user leijun@qq.com succefully"}
{"level":"info","message":"write user crsong@bupt.edu.cn succefully"}
{"level":"info","message":"write user crsong@bupt.edu.cn succefully"}
{"level":"info","message":"write user 260928310@qq.com succefully"}
{"level":"info","message":"write user crsong@bupt.edu.cn succefully"}
{"level":"info","message":"write user crsong@bupt.edu.cn succefully"}
{"level":"info","message":"write user 260928310@qq.com succefully"}
{"level":"info","message":"write user leijun@qq.com succefully"}
{"level":"info","message":"write user leijun@qq.com succefully"}
{"level":"info","message":"write user crsong@bupt.edu.cn succefully"}
